<?xml version="1.0" encoding="UTF-8"?>
<!-- Generated by org.testng.reporters.JUnitReportReporter -->
<testsuite hostname="DESKTOP-QAMDQO9" failures="0" tests="4" name="test.HomePageTest" time="11.709" errors="0" timestamp="2022-12-29T01:39:11 EST" skipped="3">
  <testcase classname="test.HomePageTest" name="clickLearningTest" time="11.709"/>
  <system-out/>
  <testcase classname="test.HomePageTest" name="clickLoginButtonTest">
    <skipped/>
  </testcase> <!-- clickLoginButtonTest -->
  <system-out/>
  <testcase classname="test.HomePageTest" name="clickForgotUserName">
    <skipped/>
  </testcase> <!-- clickForgotUserName -->
  <system-out/>
  <testcase classname="test.HomePageTest" name="clickUserNameTest">
    <skipped/>
  </testcase> <!-- clickUserNameTest -->
  <system-out/>
</testsuite> <!-- test.HomePageTest -->
